'ddd', 32, ???22, ahnhaein@naver.com 
'ddd', 32, ???22, ahnhaein@naver.com 
'ddd', 32, ???22, ahnhaein@naver.com 
'image  ', 	1670389058PNG
'image  ', 	1670389058PNG
'image  ', 	1670389058PNG
'ddd', 32, ???22, ahnhaein@naver.com 
'image  ', 	1670389058PNG
'ddd', 32, ???22, ahnhaein@naver.com 
'ddd', 32, ???22, ahnhaein@naver.com 
'ddd', 32, ???22, ahnhaein@naver.com 
'image  ', 	1670389103PNG
'image  ', 	1670389103PNG
'image  ', 	1670389103PNG
'ddd', 32, ???22, ahnhaein@naver.com 
'image  ', 	1670389103PNG
'ddd', 32, ???22, ahnhaein@naver.com 
'image  ', 	1670389103PNG
'ddd', 32, ???22, ahnhaein@naver.com 
'ddd', 32, ???22, ahnhaein@naver.com 
'ddd', 32, ???22, ahnhaein@naver.com 
'image  ', 	1670389173.png
'image  ', 	1670389173.png
'image  ', 	1670389173.png
'ddd', 32, ???22, ahnhaein@naver.com 
'ddd', 32, ???22, ahnhaein@naver.com 
'ddd', 32, ???22, ahnhaein@naver.com 
'image  ', 	1670389173.png
'image  ', 	1670389173.png
'image  ', 	1670389173.png
'ddd', 32, ???22, ahnhaein@naver.com 
'ddd', 32, ???22, ahnhaein@naver.com 
'ddd', 32, ???22, ahnhaein@naver.com 
'image  ', 	https://hangle-square.s3.ap-northeast-2.amazonaws.com/Image1670389294.png
'image  ', 	https://hangle-square.s3.ap-northeast-2.amazonaws.com/Image1670389294.png
'image  ', 	https://hangle-square.s3.ap-northeast-2.amazonaws.com/Image1670389294.png
'ddd', 32, ???22, ahnhaein@naver.com 
'image  ', 	https://hangle-square.s3.ap-northeast-2.amazonaws.com/Image1670389294.png
'ddd', 32, ???22, ahnhaein@naver.com 
'ddd', 32, ???22, ahnhaein@naver.com 
'image  ', 	https://hangle-square.s3.ap-northeast-2.amazonaws.com/Image1670389295.png
'image  ', 	https://hangle-square.s3.ap-northeast-2.amazonaws.com/Image1670389295.png
'ddd', 32, ???22, ahnhaein@naver.com 
'image  ', 	https://hangle-square.s3.ap-northeast-2.amazonaws.com/Image1670389295.png
'ddd', 32, ???22, ahnhaein@naver.com 
'ddd', 32, ???22, ahnhaein@naver.com 
'ddd', 32, ???22, ahnhaein@naver.com 
'image  ', 	https://hangle-square.s3.ap-northeast-2.amazonaws.com/Image/1670389375.png
'image  ', 	https://hangle-square.s3.ap-northeast-2.amazonaws.com/Image/1670389375.png
'image  ', 	https://hangle-square.s3.ap-northeast-2.amazonaws.com/Image/1670389375.png
'ddd', 32, ???22, ahnhaein@naver.com 
'ddd', 32, ???22, ahnhaein@naver.com 
'image  ', 	https://hangle-square.s3.ap-northeast-2.amazonaws.com/Image/1670389375.png
'image  ', 	https://hangle-square.s3.ap-northeast-2.amazonaws.com/Image/1670389375.png
'ddd', 32, ???22, ahnhaein@naver.com 
'image  ', 	https://hangle-square.s3.ap-northeast-2.amazonaws.com/Image/1670389375.png
'ddd', 32, ???22, ahnhaein@naver.com 
'image  ', 	https://hangle-square.s3.ap-northeast-2.amazonaws.com/Image/1670389375.png
'ddd', 32, ???22, ahnhaein@naver.com 
'image  ', 	https://hangle-square.s3.ap-northeast-2.amazonaws.com/Image/1670389375.png
'ddd', 32, ???22, ahnhaein@naver.com 
'image  ', 	https://hangle-square.s3.ap-northeast-2.amazonaws.com/Image/1670389375.png
'ddd', 32, ???22, ahnhaein@naver.com 
'image  ', 	https://hangle-square.s3.ap-northeast-2.amazonaws.com/Image/1670389555.PNG
'ddd', 32, ???22, ahnhaein@naver.com 
'ddd', 32, ???22, ahnhaein@naver.com 
'image  ', 	https://hangle-square.s3.ap-northeast-2.amazonaws.com/Image/1670389586.PNG
'image  ', 	https://hangle-square.s3.ap-northeast-2.amazonaws.com/Image/1670389586.PNG
'ddd', 32, ???22, ahnhaein@naver.com 
'ddd', 32, ???22, ahnhaein@naver.com 
'ddd', 32, ???22, ahnhaein@naver.com 
'image  ', 	1670389652.PNG
'image  ', 	1670389652.PNG
'image  ', 	1670389652.PNG
'ddd', 32, ???22, ahnhaein@naver.com 
'ddd', 32, ???22, ahnhaein@naver.com 
'ddd', 32, ???22, ahnhaein@naver.com 
'image  ', 	1670389717.PNG
'image  ', 	1670389717.PNG
'image  ', 	1670389717.PNG
'ddd', 32, ???22, ahnhaein@naver.com 
'image  ', 	1670389717.PNG
'ddd', 32, ???22, ahnhaein@naver.com 
'image  ', 	1670389717.PNG
'ddd', 32, ???22, ahnhaein@naver.com 
'ddd', 32, ???22, ahnhaein@naver.com 
'ddd', 32, ???22, ahnhaein@naver.com 
'image  ', 	1670389741.PNG
'image  ', 	1670389741.PNG
'image  ', 	1670389741.PNG
'ddd', 32, ???22, ahnhaein@naver.com 
'image  ', 	1670389741.PNG
'ddd', 32, ???22, ahnhaein@naver.com 
'image  ', 	1670389741.PNG
'ddd', 32, ???22, ahnhaein@naver.com 
'image  ', 	1670389741.PNG
'ddd', 32, ???22, ahnhaein@naver.com 
'ddd', 32, ???22, ahnhaein@naver.com 
'ddd', 32, ???22, ahnhaein@naver.com 
'image  ', 	1670389758.PNG
'image  ', 	1670389758.PNG
'image  ', 	1670389758.PNG
'ddd', 32, ???22, ahnhaein@naver.com 
'image  ', 	1670389759.PNG
'ddd', 32, ???22, ahnhaein@naver.com 
'image  ', 	1670389759.PNG
'ddd', 32, ???22, ahnhaein@naver.com 
'image  ', 	1670389759.PNG
'ddd', 32, ???22, ahnhaein@naver.com 
'image  ', 	1670389759.PNG
'ddd', 32, ???22, ahnhaein@naver.com 
'ddd', 32, ???22, ahnhaein@naver.com 
'ddd', 32, ???22, ahnhaein@naver.com 
'image  ', 	1670389827.PNG
'image  ', 	1670389827.PNG
'image  ', 	1670389827.PNG
'ddd', 32, ???22, ahnhaein@naver.com 
'image  ', 	1670389828.PNG
'ddd', 32, ???22, ahnhaein@naver.com 
'image  ', 	1670389828.PNG
'ddd', 32, ???22, ahnhaein@naver.com 
'ddd', 32, ???22, ahnhaein@naver.com 
'image  ', 	1670389828.PNG
'image  ', 	1670389828.PNG
'ddd', 32, ???22, ahnhaein@naver.com 
'image  ', 	1670389828.PNG
'ddd', 32, ???22, ahnhaein@naver.com 
'image  ', 	1670389828.PNG
'ddd', 32, ???22, ahnhaein@naver.com 
'image  ', 	1670389828.PNG
'ddd', 32, ???22, ahnhaein@naver.com 
'ddd', 32, ???22, ahnhaein@naver.com 
'ddd', 32, ???22, ahnhaein@naver.com 
'image  ', 	1670389831.PNG
'image  ', 	1670389831.PNG
'image  ', 	1670389831.PNG
'ddd', 32, ???22, ahnhaein@naver.com 
'image  ', 	1670389831.PNG
'ddd', 32, ???22, ahnhaein@naver.com 
'image  ', 	1670389831.PNG
'ddd', 32, ???22, ahnhaein@naver.com 
'image  ', 	1670389832.PNG
'ddd', 32, ???22, ahnhaein@naver.com 
'image  ', 	1670389832.PNG
'ddd', 32, ???22, ahnhaein@naver.com 
'image  ', 	1670389832.PNG
'ddd', 32, ???22, ahnhaein@naver.com 
'image  ', 	1670389832.PNG
'ddd', 32, ???22, ahnhaein@naver.com 
'image  ', 	1670389832.PNG
'ddd', 32, ???22, ahnhaein@naver.com 
'image  ', 	1670389832.PNG
'ddd', 32, ???22, ahnhaein@naver.com 
'image  ', 	1670390161.PNG
'ddd', 32, ???22, ahnhaein@naver.com 
'ddd', 32, ???22, ahnhaein@naver.com 
'ddd', 32, ???22, ahnhaein@naver.com 
'image  ', 	1670390413.PNG
'ddd', 32, 안해인22, ahnhaein@naver.com 
'image  ', 	1670391481.PNG
'ddd', 32, 안해인22, ahnhaein@naver.com 
'image  ', 	1670391490.PNG
'ddd', 32, 안해인22, ahnhaein@naver.com 
'ddd', 32, 안해인22, ahnhaein@naver.com 
'ddd', 32, 안해인22, ahnhaein@naver.com 
'image  ', 	1670391497.PNG
'ddd', 32, 안해인22, ahnhaein@naver.com 
'image  ', 	P_IMG32.PNG
'ddd', 32, 안해인22, ahnhaein@naver.com 
'ddd', 32, 안해인22, ahnhaein@naver.com 
'image  ', 	P_IMG32.PNG
'image  ', 	P_IMG32.PNG
'ddd', 32, 안해인22, ahnhaein@naver.com 
'image  ', 	P_IMG_32.PNG
'ddd', 32, 안해인22, ahnhaein@naver.com 
'image  ', 	P_IMG_32.PNG
'ddd', 32, 안해인22, ahnhaein@naver.com 
'image  ', 	P_IMG_32.PNG
'ddd', 32, 안해인22, ahnhaein@naver.com 
'image  ', 	P_IMG_32.PNG
'ddd', 32, 안해인22, ahnhaein@naver.com 
'image  ', 	P_IMG_32.PNG
'ddd', 32, 안해인22, ahnhaein@naver.com 
'image  ', 	P_IMG_32.PNG
<<<<<<< HEAD
=======
'ddd', 320, ahsenq, ahnhaein111@naver.com 
'image  ', 	P_IMG_320.PNG
'ddd', 320, ahsenq, ahnhaein111@naver.com 
'image  ', 	P_IMG_320.png
'ddd', 320, ahsenq, ahnhaein111@naver.com 
'image  ', 	P_IMG_320.PNG
'ddd', 320, ahsenq, ahnhaein111@naver.com 
'image  ', 	P_IMG_320.png
'ddd', 320, ahsenq, ahnhaein111@naver.com 
'image  ', 	P_IMG_320.PNG
'ddd', 320, ahsenq, ahnhaein111@naver.com 
'image  ', 	P_IMG_320.png
>>>>>>> 541c4ad314bae100aa6ac6aa74c39fd30e37957f
'ddd', 320, ahsenq, ahnhaein111@naver.com 
'image  ', 	P_IMG_320.webp
'ddd', 320, ahsenq, ahnhaein111@naver.com 
'ddd', 320, ahsenq, ahnhaein111@naver.com 
'ddd', 320, ahsenq, ahnhaein111@naver.com 
'image  ', 	P_IMG_320.PNG
'ddd', 320, ahsenq, ahnhaein111@naver.com 
'image  ', 	P_IMG_320.png
'ddd', 320, ahsenq, ahnhaein111@naver.com 
'image  ', 	P_IMG_320.webp
'ddd', 320, ahsenq, ahnhaein111@naver.com 
'ddd', 320, ahsenq, ahnhaein111@naver.com 
'image  ', 	P_IMG_320.PNG
'image  ', 	P_IMG_320.PNG
